{"/home/tony/Documents/repos/AI4Devs-stopwatch/stopwatch-jaa/server/src/app.js": {"path":"/home/tony/Documents/repos/AI4Devs-stopwatch/stopwatch-jaa/server/src/app.js","statementMap":{},"fnMap":{},"branchMap":{},"s":{},"f":{},"b":{},"_coverageSchema":"1a1c01bbd47fc00a2c39e90264f33305004495a9","hash":"ed5d0d57a2cff689106642662a900ac2361663ac"}
,"/home/tony/Documents/repos/AI4Devs-stopwatch/stopwatch-jaa/server/src/models/Stopwatch.js": {"path":"/home/tony/Documents/repos/AI4Devs-stopwatch/stopwatch-jaa/server/src/models/Stopwatch.js","statementMap":{"0":{"start":{"line":2,"column":17},"end":{"line":2,"column":36}},"1":{"start":{"line":4,"column":24},"end":{"line":8,"column":2}},"2":{"start":{"line":10,"column":0},"end":{"line":10,"column":62}}},"fnMap":{},"branchMap":{},"s":{"0":1,"1":1,"2":1},"f":{},"b":{},"_coverageSchema":"1a1c01bbd47fc00a2c39e90264f33305004495a9","hash":"f01e42dc3c4186cb18686458cefb4f12b04059d0"}
}
